GET / 200 712 44.293 ms Sat, 20 Apr 2024 18:01:09 GMT

POST /create 400 36 67.428 ms Sat, 20 Apr 2024 18:03:08 GMT

POST /create 200 14 71.010 ms Sat, 20 Apr 2024 18:03:27 GMT

POST /create 200 14 16.351 ms Sat, 20 Apr 2024 18:04:48 GMT

POST /create 200 14 14.248 ms Sat, 20 Apr 2024 18:06:00 GMT

POST /create 200 14 19.257 ms Sat, 20 Apr 2024 18:07:02 GMT

POST /create 400 36 28.923 ms Sat, 20 Apr 2024 18:08:20 GMT

POST /create 200 14 39.858 ms Sat, 20 Apr 2024 18:08:28 GMT

POST /create 200 14 27.027 ms Sat, 20 Apr 2024 18:09:24 GMT

POST /create 200 14 51.214 ms Sat, 20 Apr 2024 18:10:11 GMT

POST /create 200 14 25.538 ms Sat, 20 Apr 2024 18:11:27 GMT

POST /create 200 14 14.879 ms Sat, 20 Apr 2024 18:12:00 GMT

GET /getuser 200 2043 40.074 ms Sat, 20 Apr 2024 18:22:50 GMT

GET /getuser 304 - 21.874 ms Sat, 20 Apr 2024 18:23:35 GMT

GET /getuser 304 - 13.424 ms Sat, 20 Apr 2024 18:23:59 GMT

GET /getuser 304 - 3.627 ms Sat, 20 Apr 2024 18:24:05 GMT

GET /getuser 304 - 5.166 ms Sat, 20 Apr 2024 18:24:14 GMT

GET /getuser 304 - 4.938 ms Sat, 20 Apr 2024 18:24:16 GMT

GET /getuser 304 - 3.133 ms Sat, 20 Apr 2024 18:24:24 GMT

GET /getuser 304 - 2.637 ms Sat, 20 Apr 2024 18:24:31 GMT

GET /getuser 304 - 3.329 ms Sat, 20 Apr 2024 18:24:39 GMT

GET /getuser 304 - 14.709 ms Sat, 20 Apr 2024 18:25:08 GMT

GET /getuser 304 - 26.935 ms Sat, 20 Apr 2024 18:26:29 GMT

GET /getuser 304 - 5.456 ms Sat, 20 Apr 2024 18:26:32 GMT

PATCH /update/undefined 404 14 27.923 ms Sat, 20 Apr 2024 18:26:49 GMT

GET /getuser 304 - 18.452 ms Sat, 20 Apr 2024 18:28:38 GMT

GET /getuser 304 - 6.091 ms Sat, 20 Apr 2024 18:28:40 GMT

PATCH /update/undefined 404 14 3.788 ms Sat, 20 Apr 2024 18:28:49 GMT

GET /getuser 304 - 17.185 ms Sat, 20 Apr 2024 18:29:39 GMT

PATCH /update/1 200 140 82.391 ms Sat, 20 Apr 2024 18:29:42 GMT

GET /getuser 200 2039 4.393 ms Sat, 20 Apr 2024 18:29:42 GMT

GET /getuser 304 - 32.851 ms Sat, 20 Apr 2024 18:30:09 GMT

DELETE /delete/14 200 25 52.114 ms Sat, 20 Apr 2024 18:30:20 GMT

GET /getuser 200 1891 7.470 ms Sat, 20 Apr 2024 18:30:20 GMT

GET /getuser 304 - 47.657 ms Sat, 20 Apr 2024 18:34:49 GMT

GET /getuser 304 - 23.289 ms Sat, 20 Apr 2024 18:35:01 GMT

GET /getuser 304 - 15.406 ms Sat, 20 Apr 2024 18:35:59 GMT

GET /getuser 304 - 4.223 ms Sat, 20 Apr 2024 18:36:06 GMT

GET /getuser 304 - 15.971 ms Sat, 20 Apr 2024 18:37:30 GMT

GET /getuser 304 - 11.169 ms Sat, 20 Apr 2024 18:37:42 GMT

GET /getuser 304 - 22.252 ms Sat, 20 Apr 2024 18:38:12 GMT

GET /getuser 304 - 2.663 ms Sat, 20 Apr 2024 18:38:16 GMT

GET /getuser 304 - 15.470 ms Sat, 20 Apr 2024 18:38:42 GMT

GET /getuser 304 - 13.990 ms Sat, 20 Apr 2024 18:38:54 GMT

GET /getuser 304 - 6.155 ms Sat, 20 Apr 2024 18:38:59 GMT

GET /getuser 304 - 11.124 ms Sat, 20 Apr 2024 18:40:25 GMT

GET /getuser?page=${currentPage}&search=${searchQuery}&sort=${sortOrder} 200 1891 11.622 ms Sat, 20 Apr 2024 18:41:53 GMT

GET /getuser?page=1 200 1891 21.111 ms Sat, 20 Apr 2024 18:44:19 GMT

GET /getuser?page=1 304 - 32.150 ms Sat, 20 Apr 2024 18:44:54 GMT

GET /getuser?page=1 304 - 177.718 ms Sat, 20 Apr 2024 18:50:03 GMT

GET /getuser?page=1 304 - 8.706 ms Sat, 20 Apr 2024 18:50:10 GMT

GET /getuser?page=1 304 - 28.792 ms Sat, 20 Apr 2024 18:51:19 GMT

GET /getuser?page=1 304 - 16.847 ms Sat, 20 Apr 2024 18:51:40 GMT

GET /getuser?page=1 304 - 6.100 ms Sat, 20 Apr 2024 18:51:41 GMT

GET /getuser?page=1 304 - 31.801 ms Sat, 20 Apr 2024 18:52:13 GMT

GET /getuser?page=1 304 - 18.908 ms Sat, 20 Apr 2024 18:52:45 GMT

GET /getuser?page=1 304 - 9.375 ms Sat, 20 Apr 2024 18:52:46 GMT

GET /getuser?page=1 304 - 9.088 ms Sat, 20 Apr 2024 18:53:20 GMT

GET /getuser?page=1 304 - 2.171 ms Sat, 20 Apr 2024 18:53:22 GMT

GET /getuser?page=1 304 - 14.361 ms Sat, 20 Apr 2024 18:53:34 GMT

GET /getuser?page=1 304 - 2.879 ms Sat, 20 Apr 2024 18:53:41 GMT

GET /getuser?page=1 304 - 25.025 ms Sat, 20 Apr 2024 18:56:07 GMT

GET /getuser?page=1 304 - 178.137 ms Sat, 20 Apr 2024 20:31:20 GMT

GET /getuser?page=1 304 - 26.108 ms Sat, 20 Apr 2024 20:32:16 GMT

PATCH /update/1 200 140 89.094 ms Sat, 20 Apr 2024 20:34:09 GMT

GET /getuser?page=1 304 - 6.129 ms Sat, 20 Apr 2024 20:34:09 GMT

PATCH /update/1 200 140 50.610 ms Sat, 20 Apr 2024 20:34:22 GMT

GET /getuser?page=1 304 - 3.578 ms Sat, 20 Apr 2024 20:34:22 GMT

PATCH /update/1 200 144 41.730 ms Sat, 20 Apr 2024 20:34:29 GMT

GET /getuser?page=1 200 1895 3.157 ms Sat, 20 Apr 2024 20:34:29 GMT

GET /user/getuser?page=1 404 151 4.604 ms Sun, 21 Apr 2024 09:26:39 GMT

GET /user/getuser 404 151 0.973 ms Sun, 21 Apr 2024 09:27:38 GMT

POST /user/getuser 404 152 0.253 ms Sun, 21 Apr 2024 09:28:23 GMT

GET /user/getuser 404 151 0.205 ms Sun, 21 Apr 2024 09:28:33 GMT

GET /user/getuser 404 151 0.564 ms Sun, 21 Apr 2024 09:28:34 GMT

GET /user/getuser 404 151 0.211 ms Sun, 21 Apr 2024 09:28:35 GMT

GET /user/getuser 200 1895 19.902 ms Sun, 21 Apr 2024 09:29:45 GMT

GET /user/getuser 200 1895 12.827 ms Sun, 21 Apr 2024 09:29:53 GMT

GET /user/getuser?limit=2 500 69 29.794 ms Sun, 21 Apr 2024 10:24:09 GMT

GET /user/getuser?limit=2 200 314 49.717 ms Sun, 21 Apr 2024 10:25:38 GMT

GET /user/getuser?limit=8 200 1175 5.741 ms Sun, 21 Apr 2024 10:25:45 GMT

GET /user/getuser?limit=4 200 594 30.673 ms Sun, 21 Apr 2024 10:26:01 GMT

GET /user/getuser? 200 739 11.403 ms Sun, 21 Apr 2024 10:26:29 GMT

GET /user/getuser?page=1 200 739 11.211 ms Sun, 21 Apr 2024 10:29:20 GMT

GET /user/getuser?page=1&& 200 739 8.936 ms Sun, 21 Apr 2024 10:29:31 GMT

GET /user/getuser?page=1&limit= 200 739 4.983 ms Sun, 21 Apr 2024 10:29:35 GMT

GET /user/getuser?page=1&limit=1 200 174 11.567 ms Sun, 21 Apr 2024 10:29:59 GMT

GET /user/getuser?page=1&limit=1 304 - 5.519 ms Sun, 21 Apr 2024 10:30:01 GMT

GET /user/getuser?page=1&limit=5 200 739 8.651 ms Sun, 21 Apr 2024 10:30:09 GMT

GET /user/getuser?page=1&limit=5 304 - 3.940 ms Sun, 21 Apr 2024 10:30:14 GMT

GET /user/getuser?page=1&limit=5 304 - 17.929 ms Sun, 21 Apr 2024 10:30:27 GMT

GET /user/getuser?page=1&limit=5 304 - 5.795 ms Sun, 21 Apr 2024 10:30:33 GMT

GET /user/getuser?page=1&limit=5 304 - 4.881 ms Sun, 21 Apr 2024 10:30:42 GMT

GET /user/getuser?page=1&limit=5 304 - 2.836 ms Sun, 21 Apr 2024 10:30:45 GMT

GET /user/getuser?page=1&limit=5 304 - 3.039 ms Sun, 21 Apr 2024 10:30:51 GMT

GET /user/getuser?page=1&limit=5 304 - 3.048 ms Sun, 21 Apr 2024 10:30:52 GMT

GET /user/getuser?page=1&limit=5 304 - 3.111 ms Sun, 21 Apr 2024 10:31:01 GMT

GET /user/getuser?page=1&limit=5 304 - 4.220 ms Sun, 21 Apr 2024 10:31:09 GMT

GET /user/getuser?page=1&limit=5 304 - 3.848 ms Sun, 21 Apr 2024 10:31:11 GMT

GET /user/getuser?page=1&limit=5 304 - 3.037 ms Sun, 21 Apr 2024 10:31:17 GMT

GET /user/getuser?page=1&limit=5 304 - 13.259 ms Sun, 21 Apr 2024 10:32:13 GMT

GET /user/getuser?page=1&limit=5 304 - 14.427 ms Sun, 21 Apr 2024 10:34:04 GMT

GET /user/getuser?page=1&limit=5 304 - 4.418 ms Sun, 21 Apr 2024 10:34:05 GMT

GET /user/getuser?page=1&limit=5 304 - 5.159 ms Sun, 21 Apr 2024 10:34:10 GMT

GET /user/getuser?page=2&limit=5 200 763 4.967 ms Sun, 21 Apr 2024 10:34:13 GMT

GET /user/getuser?page=3&limit=5 200 476 2.691 ms Sun, 21 Apr 2024 10:34:14 GMT

GET /user/getuser?page=2&limit=5 304 - 5.076 ms Sun, 21 Apr 2024 10:34:16 GMT

GET /user/getuser?page=2&limit=5 304 - 13.299 ms Sun, 21 Apr 2024 10:34:35 GMT

GET /user/getuser?page=2&limit=5 304 - 2.793 ms Sun, 21 Apr 2024 10:34:37 GMT

GET /user/getuser?page=2&limit=5 304 - 4.925 ms Sun, 21 Apr 2024 10:34:38 GMT

GET /user/getuser?page=2&limit=5 304 - 13.020 ms Sun, 21 Apr 2024 10:35:07 GMT

GET /user/getuser?page=2&limit=5 304 - 5.721 ms Sun, 21 Apr 2024 10:35:10 GMT

GET /user/getuser?page=2&limit=5 304 - 21.909 ms Sun, 21 Apr 2024 10:35:25 GMT

GET /user/getuser?page=2&limit=5 304 - 6.211 ms Sun, 21 Apr 2024 10:35:33 GMT

GET /user/getuser?page=2&limit=5 304 - 8.232 ms Sun, 21 Apr 2024 10:35:42 GMT

GET /user/getuser?page=1&limit=5 304 - 9.271 ms Sun, 21 Apr 2024 10:36:15 GMT

GET /user/getuser?page=2&limit=5 304 - 4.455 ms Sun, 21 Apr 2024 10:36:17 GMT

GET /user/getuser?page=3&limit=5 304 - 2.596 ms Sun, 21 Apr 2024 10:36:18 GMT

GET /user/getuser?page=3&limit=5 304 - 7.504 ms Sun, 21 Apr 2024 10:36:30 GMT

GET /user/getuser?page=3&limit=5 304 - 4.280 ms Sun, 21 Apr 2024 10:36:38 GMT

GET /user/getuser?page=2&limit=5 304 - 3.570 ms Sun, 21 Apr 2024 10:36:42 GMT

GET /user/getuser?page=1&limit=5 304 - 2.995 ms Sun, 21 Apr 2024 10:36:43 GMT

GET /user/getuser?page=1&limit=5 304 - 8.983 ms Sun, 21 Apr 2024 10:38:24 GMT

GET /user/getuser?page=1&limit=5&search=&order=asc 200 739 42.985 ms Sun, 21 Apr 2024 10:45:01 GMT

GET /user/getuser?page=1&limit=5&search=&order=asc 304 - 7.319 ms Sun, 21 Apr 2024 10:45:09 GMT

GET /user/getuser?page=2&limit=5&search=&order=asc 200 763 6.402 ms Sun, 21 Apr 2024 10:45:17 GMT

GET /user/getuser?page=1&limit=5&search=&order=asc 304 - 2.918 ms Sun, 21 Apr 2024 10:45:18 GMT

GET /user/getuser?page=1&limit=5&search=&order=asc 304 - 14.595 ms Sun, 21 Apr 2024 10:46:20 GMT

GET /user/getuser?page=1&limit=5&search=&order=asc 304 - 4.306 ms Sun, 21 Apr 2024 10:46:30 GMT

GET /user/getuser?page=1&limit=5&search=&order=asc 304 - 4.679 ms Sun, 21 Apr 2024 10:46:32 GMT

GET /user/getuser?page=1&limit=5&search=&order=asc 304 - 5.774 ms Sun, 21 Apr 2024 10:46:40 GMT

GET /user/getuser?page=1&limit=5&search=&order=asc 304 - 9.715 ms Sun, 21 Apr 2024 10:46:59 GMT

GET /user/getuser?page=1&limit=5&search=&order=asc 304 - 3.223 ms Sun, 21 Apr 2024 10:47:06 GMT

GET /user/getuser?page=1&limit=5&search=&order=asc 304 - 9.539 ms Sun, 21 Apr 2024 10:47:36 GMT

GET /user/getuser?page=1&limit=5&search=&order=asc 304 - 5.959 ms Sun, 21 Apr 2024 10:47:43 GMT

GET /user/getuser?page=1&limit=5&search=&order=asc 304 - 14.169 ms Sun, 21 Apr 2024 10:48:11 GMT

GET /user/getuser?page=1&limit=5&search=&order=asc 304 - 11.993 ms Sun, 21 Apr 2024 10:48:29 GMT

GET /user/getuser?page=1&limit=5&search=&order=asc 304 - 11.292 ms Sun, 21 Apr 2024 10:48:59 GMT

GET /user/getuser?page=1&limit=5&search=&order=asc 304 - 13.872 ms Sun, 21 Apr 2024 10:49:13 GMT

GET /user/getuser?page=1&limit=5&search=&order=asc 304 - 4.859 ms Sun, 21 Apr 2024 10:49:23 GMT

GET /user/getuser?page=1&limit=5&search=&order=asc 304 - 10.148 ms Sun, 21 Apr 2024 10:49:24 GMT

GET /user/getuser?page=1&limit=5&search=&order=asc 304 - 12.264 ms Sun, 21 Apr 2024 10:49:40 GMT

GET /user/getuser?page=1&limit=5&search=&order=asc 304 - 42.833 ms Sun, 21 Apr 2024 10:49:56 GMT

GET /user/getuser?page=1&limit=5&search=&order=asc 304 - 7.540 ms Sun, 21 Apr 2024 10:50:12 GMT

GET /user/getuser?page=1&limit=5&search=&order=asc 304 - 3.548 ms Sun, 21 Apr 2024 10:50:13 GMT

GET /user/getuser?page=1&limit=5&search=&order=asc 304 - 5.422 ms Sun, 21 Apr 2024 10:50:14 GMT

GET /user/getuser?page=1&limit=5&search=&order=asc 304 - 11.745 ms Sun, 21 Apr 2024 10:50:31 GMT

GET /user/getuser?page=1&limit=5&search=&order=asc 304 - 9.890 ms Sun, 21 Apr 2024 10:50:44 GMT

GET /user/getuser?page=1&limit=5&search=&order=asc 304 - 3.923 ms Sun, 21 Apr 2024 10:50:52 GMT

GET /user/getuser?page=1&limit=5&search=&order=asc 304 - 5.690 ms Sun, 21 Apr 2024 10:50:54 GMT

GET /user/getuser?page=1&limit=5&search=&order=asc 304 - 4.069 ms Sun, 21 Apr 2024 10:50:57 GMT

GET /user/getuser?page=1&limit=5&search=&order=asc 304 - 3.943 ms Sun, 21 Apr 2024 10:51:01 GMT

GET /user/getuser?page=1&limit=5&search=&order=asc 304 - 18.379 ms Sun, 21 Apr 2024 10:51:37 GMT

GET /user/getuser?page=1&limit=5&search=&order=asc 304 - 12.556 ms Sun, 21 Apr 2024 10:51:48 GMT

GET /user/getuser?page=1&limit=5&search=&order=asc 304 - 10.573 ms Sun, 21 Apr 2024 10:52:16 GMT

GET /user/getuser?page=1&limit=5&search=&order=asc 304 - 2.864 ms Sun, 21 Apr 2024 10:52:23 GMT

GET /user/getuser?page=1&limit=5&search=&order=asc 304 - 16.889 ms Sun, 21 Apr 2024 10:52:36 GMT

GET /user/getuser?page=1&limit=5&search=&order=asc 304 - 15.226 ms Sun, 21 Apr 2024 10:52:47 GMT

GET /user/getuser?page=1&limit=5&search=&order=asc 304 - 15.471 ms Sun, 21 Apr 2024 10:54:03 GMT

GET /user/getuser?page=1&limit=5&search=&order=asc 304 - 12.211 ms Sun, 21 Apr 2024 10:54:15 GMT

GET /user/getuser?page=1&limit=5&search=&order=asc 304 - 8.880 ms Sun, 21 Apr 2024 10:54:29 GMT

GET /user/getuser?page=1&limit=5&search=&order=asc 304 - 4.428 ms Sun, 21 Apr 2024 10:54:34 GMT

GET /user/getuser?page=1&limit=5&search=&order=asc 304 - 20.981 ms Sun, 21 Apr 2024 10:55:56 GMT

GET /user/getuser?page=1&limit=5&search=&order=asc 304 - 7.000 ms Sun, 21 Apr 2024 10:56:17 GMT

GET /user/getuser?page=1&limit=5&search=&order=asc 304 - 7.520 ms Sun, 21 Apr 2024 10:56:19 GMT

GET /user/getuser?page=1&limit=5&search=&order=asc 304 - 14.196 ms Sun, 21 Apr 2024 10:56:49 GMT

GET /user/getuser?page=1&limit=5&search=&order=asc 304 - 8.047 ms Sun, 21 Apr 2024 10:57:05 GMT

GET /user/getuser?page=1&limit=5&search=&order=asc 304 - 4.870 ms Sun, 21 Apr 2024 10:57:06 GMT

GET /user/getuser?page=1&limit=5&search=&order=asc 304 - 10.042 ms Sun, 21 Apr 2024 10:57:20 GMT

GET /user/getuser?page=1&limit=5&search=&order=asc 304 - 3.332 ms Sun, 21 Apr 2024 10:57:28 GMT

GET /user/getuser?page=1&limit=5&search=&order=asc 304 - 3.273 ms Sun, 21 Apr 2024 10:57:33 GMT

GET /user/getuser?page=1&limit=5&search=&order=asc 304 - 3.149 ms Sun, 21 Apr 2024 10:57:35 GMT

GET /user/getuser?page=1&limit=5&search=&order=asc 304 - 4.604 ms Sun, 21 Apr 2024 10:57:39 GMT

GET /user/getuser?page=1&limit=5&search=&order=asc 304 - 3.057 ms Sun, 21 Apr 2024 10:57:44 GMT

GET /user/getuser?page=1&limit=5&search=&order=asc 304 - 4.015 ms Sun, 21 Apr 2024 10:57:53 GMT

GET /user/getuser?page=1&limit=5&search=&order=asc 304 - 2.393 ms Sun, 21 Apr 2024 10:57:54 GMT

GET /user/getuser?page=1&limit=5&search=&order=asc 304 - 3.104 ms Sun, 21 Apr 2024 10:57:59 GMT

GET /user/getuser?page=1&limit=5&search=&order=asc 304 - 3.301 ms Sun, 21 Apr 2024 10:58:03 GMT

GET /user/getuser?page=1&limit=5&search=&order=asc 304 - 2.845 ms Sun, 21 Apr 2024 10:58:11 GMT

GET /user/getuser?page=1&limit=5&search=&order=asc 304 - 3.904 ms Sun, 21 Apr 2024 10:58:13 GMT

GET /user/getuser?page=1&limit=5&search=&order=asc 304 - 2.832 ms Sun, 21 Apr 2024 10:58:18 GMT

GET /user/getuser?page=1&limit=5&search=&order=asc 304 - 6.294 ms Sun, 21 Apr 2024 10:58:49 GMT

GET /user/getuser?page=1&limit=5&search=&order=asc 304 - 3.211 ms Sun, 21 Apr 2024 10:58:51 GMT

GET /user/getuser?page=1&limit=5&search=&order=asc 304 - 2.548 ms Sun, 21 Apr 2024 10:58:55 GMT

GET /user/getuser?page=1&limit=5&search=&order=asc 304 - 3.015 ms Sun, 21 Apr 2024 10:58:59 GMT

GET /user/getuser?page=1&limit=5&search=&order=asc 304 - 3.629 ms Sun, 21 Apr 2024 10:59:03 GMT

GET /user/getuser?page=1&limit=5&search=&order=asc 304 - 13.560 ms Sun, 21 Apr 2024 10:59:41 GMT

GET /user/getuser?page=1&limit=&search=&order=asc 200 739 3.683 ms Sun, 21 Apr 2024 10:59:45 GMT

GET /user/getuser?page=1&limit=5&search=&order=asc 304 - 7.645 ms Sun, 21 Apr 2024 10:59:48 GMT

GET /user/getuser?page=1&limit=5&search=&order=asc 304 - 5.448 ms Sun, 21 Apr 2024 10:59:51 GMT

GET /user/getuser?page=1&limit=5&search=&order=asc 304 - 11.231 ms Sun, 21 Apr 2024 11:00:12 GMT

GET /user/getuser?page=1&limit=5&search=&order=asc 304 - 3.594 ms Sun, 21 Apr 2024 11:00:14 GMT

GET /user/getuser?page=1&limit=5&search=&order=asc 304 - 4.082 ms Sun, 21 Apr 2024 11:00:16 GMT

GET /user/getuser?page=1&limit=5&search=&order=asc 304 - 26.348 ms Sun, 21 Apr 2024 11:00:35 GMT

GET /user/getuser?page=1&limit=5&search=&order=asc 304 - 4.680 ms Sun, 21 Apr 2024 11:00:45 GMT

GET /user/getuser?page=1&limit=5&search=&order=asc 304 - 22.219 ms Sun, 21 Apr 2024 11:01:44 GMT

GET /user/getuser?page=1&limit=5&search=&order=asc 304 - 3.330 ms Sun, 21 Apr 2024 11:01:48 GMT

GET /user/getuser?page=1&limit=5&search=&order=asc 304 - 3.618 ms Sun, 21 Apr 2024 11:01:51 GMT

GET /user/getuser?page=1&limit=5&search=&order=asc 304 - 4.980 ms Sun, 21 Apr 2024 11:01:57 GMT

GET /user/getuser?page=1&limit=5&search=&order=asc 304 - 2.841 ms Sun, 21 Apr 2024 11:01:59 GMT

GET /user/getuser?page=1&limit=5&search=&order=asc 304 - 7.266 ms Sun, 21 Apr 2024 11:02:04 GMT

GET /user/getuser?page=1&limit=5&search=&order=asc 304 - 13.546 ms Sun, 21 Apr 2024 11:03:10 GMT

GET /user/getuser?page=1&limit=5&search=&order=asc 304 - 3.990 ms Sun, 21 Apr 2024 11:03:11 GMT

GET /user/getuser?page=1&limit=5&search=&order=asc 304 - 4.105 ms Sun, 21 Apr 2024 11:03:15 GMT

GET /user/getuser?page=1&limit=&search=&order=asc 304 - 5.438 ms Sun, 21 Apr 2024 11:03:19 GMT

GET /user/getuser?page=1&limit=&search=&order=asc 304 - 3.945 ms Sun, 21 Apr 2024 11:03:30 GMT

GET /user/getuser?page=1&limit=&search=&order=asc 304 - 4.263 ms Sun, 21 Apr 2024 11:03:38 GMT

GET /user/getuser?page=1&limit=&search=&order=asc 304 - 4.472 ms Sun, 21 Apr 2024 11:03:41 GMT

GET /user/getuser?page=1&limit=&search=&order=asc 304 - 2.772 ms Sun, 21 Apr 2024 11:03:45 GMT

GET /user/getuser?page=1&limit=&search=&order=asc 304 - 16.529 ms Sun, 21 Apr 2024 11:03:55 GMT

GET /user/getuser?page=1&limit=&search=&order=asc 304 - 9.697 ms Sun, 21 Apr 2024 11:04:37 GMT

GET /user/getuser?page=1&limit=&search=&order=asc 304 - 13.037 ms Sun, 21 Apr 2024 11:04:59 GMT

GET /user/getuser?page=1&limit=&search=&order=asc 304 - 3.059 ms Sun, 21 Apr 2024 11:05:03 GMT

GET /user/getuser?page=1&limit=&search=&order=asc 304 - 3.259 ms Sun, 21 Apr 2024 11:05:09 GMT

GET /user/getuser?page=1&limit=&search=&order=asc 304 - 3.900 ms Sun, 21 Apr 2024 11:05:12 GMT

GET /user/getuser?page=1&limit=&search=&order=asc 304 - 17.467 ms Sun, 21 Apr 2024 11:05:23 GMT

GET /user/getuser?page=1&limit=&search=&order=asc 304 - 3.087 ms Sun, 21 Apr 2024 11:05:30 GMT

GET /user/getuser?page=1&limit=&search=&order=asc 304 - 2.870 ms Sun, 21 Apr 2024 11:05:34 GMT

GET /user/getuser?page=1&limit=&search=&order=asc 304 - 3.281 ms Sun, 21 Apr 2024 11:05:38 GMT

GET /user/getuser?page=1&limit=&search=&order=asc 304 - 3.225 ms Sun, 21 Apr 2024 11:05:41 GMT

GET /user/getuser?page=1&limit=5&search=&order=asc 304 - 13.077 ms Sun, 21 Apr 2024 11:06:03 GMT

GET /user/getuser?page=1&limit=5&search=&order=asc 304 - 4.451 ms Sun, 21 Apr 2024 11:06:11 GMT

GET /user/getuser?page=1&limit=5&search=&order=asc 304 - 5.183 ms Sun, 21 Apr 2024 11:06:20 GMT

GET /user/getuser?page=1&limit=5&search=&order=asc 304 - 14.120 ms Sun, 21 Apr 2024 11:06:24 GMT

GET /user/getuser?page=1&limit=5&search=&order=asc 304 - 2.494 ms Sun, 21 Apr 2024 11:06:26 GMT

GET /user/getuser?page=1&limit=5&search=&order=asc 304 - 5.142 ms Sun, 21 Apr 2024 11:06:29 GMT

GET /user/getuser?page=1&limit=5&search=&order=asc 304 - 12.393 ms Sun, 21 Apr 2024 11:06:59 GMT

GET /user/getuser?page=1&limit=5&search=&order=asc 304 - 3.005 ms Sun, 21 Apr 2024 11:07:01 GMT

GET /user/getuser?page=1&limit=5&search=&order=asc 304 - 4.338 ms Sun, 21 Apr 2024 11:07:04 GMT

GET /user/getuser?page=1&limit=5&search=&order=asc 304 - 3.121 ms Sun, 21 Apr 2024 11:07:10 GMT

GET /user/getuser?page=1&limit=5&search=&order=asc 304 - 6.482 ms Sun, 21 Apr 2024 11:07:11 GMT

GET /user/getuser?page=1&limit=5&search=&order=asc 304 - 8.582 ms Sun, 21 Apr 2024 11:07:41 GMT

GET /user/getuser?page=1&limit=5&search=&order=asc 304 - 5.821 ms Sun, 21 Apr 2024 11:07:49 GMT

GET /user/getuser?page=1&limit=5&search=&order=asc 304 - 3.426 ms Sun, 21 Apr 2024 11:07:57 GMT

GET /user/getuser?page=1&limit=5&search=&order=asc 304 - 3.637 ms Sun, 21 Apr 2024 11:08:04 GMT

GET /user/getuser?page=1&limit=5&search=&order=asc 304 - 2.906 ms Sun, 21 Apr 2024 11:08:09 GMT

GET /user/getuser?page=1&limit=5&search=&order=asc 304 - 4.889 ms Sun, 21 Apr 2024 11:08:12 GMT

GET /user/getuser?page=1&limit=5&search=&order=asc 304 - 7.419 ms Sun, 21 Apr 2024 11:08:21 GMT

GET /user/getuser?page=1&limit=5&search=&order=asc 304 - 10.098 ms Sun, 21 Apr 2024 11:10:52 GMT

GET /user/getuser?page=1&limit=5&search=&order=asc 304 - 21.775 ms Sun, 21 Apr 2024 11:11:31 GMT

GET /user/getuser?page=1&limit=5&search=&order=asc 304 - 5.155 ms Sun, 21 Apr 2024 11:11:33 GMT

GET /user/getuser?page=1&limit=5&search=&order=asc 304 - 3.473 ms Sun, 21 Apr 2024 11:11:35 GMT

GET /user/getuser?page=1&limit=5&search=&order=asc 304 - 4.084 ms Sun, 21 Apr 2024 11:11:38 GMT

GET /user/getuser?page=1&limit=5&search=&order=asc 304 - 9.884 ms Sun, 21 Apr 2024 11:12:06 GMT

GET /user/getuser?page=1&limit=5&search=&order=asc 304 - 4.790 ms Sun, 21 Apr 2024 11:12:07 GMT

GET /user/getuser?page=1&limit=5&search=&order=asc 304 - 3.781 ms Sun, 21 Apr 2024 11:12:13 GMT

GET /user/getuser?page=1&limit=5&search=&order=asc 304 - 8.582 ms Sun, 21 Apr 2024 11:12:19 GMT

GET /user/getuser?page=1&limit=5&search=&order=asc 304 - 9.025 ms Sun, 21 Apr 2024 11:12:30 GMT

GET /user/getuser?page=1&limit=5&search=&order=asc 304 - 5.487 ms Sun, 21 Apr 2024 11:12:37 GMT

GET /user/getuser?page=1&limit=5&search=&order=desc 200 739 19.616 ms Sun, 21 Apr 2024 11:14:32 GMT

GET /user/getuser?page=1&limit=5&search=&order=asc 304 - 7.978 ms Sun, 21 Apr 2024 11:14:34 GMT

GET /user/getuser?page=1&limit=5&search=j&order=asc 500 249 22.517 ms Sun, 21 Apr 2024 11:14:50 GMT

GET /user/getuser?page=1&limit=5&search=john&order=asc 500 249 11.599 ms Sun, 21 Apr 2024 11:14:52 GMT

GET /user/getuser?page=1&limit=10&search=john&order=asc 500 249 26.287 ms Sun, 21 Apr 2024 11:16:50 GMT

GET /user/getuser?page=1&limit=5&search=john&order=asc 500 66 6.458 ms Sun, 21 Apr 2024 11:18:07 GMT

GET /user/getuser?page=1&limit=10&search=john&order=asc 500 66 6.026 ms Sun, 21 Apr 2024 11:19:19 GMT

GET /user/getuser?page=1&limit=5&search=john&order=asc 500 249 27.581 ms Sun, 21 Apr 2024 11:21:04 GMT

GET /user/getuser?page=1&limit=10&search=john&order=asc 500 249 15.447 ms Sun, 21 Apr 2024 11:23:58 GMT

GET /user/getuser?page=1&limit=5&search=john&order=asc 500 60 10.058 ms Sun, 21 Apr 2024 11:26:58 GMT

GET /user/getuser?page=1&limit=10&search=john&order=asc 200 173 22.438 ms Sun, 21 Apr 2024 11:27:53 GMT

GET /user/getuser?page=1&limit=10&search=joh&order=asc 200 173 6.233 ms Sun, 21 Apr 2024 11:28:00 GMT

GET /user/getuser?page=1&limit=10&search=&order=asc 200 1474 10.912 ms Sun, 21 Apr 2024 11:28:06 GMT

GET /user/getuser?page=1&limit=5&search=&order=asc 304 - 7.360 ms Sun, 21 Apr 2024 11:28:11 GMT

GET /user/getuser?page=1&limit=5&search=Doe&order=asc 200 173 12.187 ms Sun, 21 Apr 2024 11:28:19 GMT

GET /user/getuser?page=1&limit=5&search=&order=asc 304 - 3.623 ms Sun, 21 Apr 2024 11:28:27 GMT

GET /user/getuser?page=1&limit=5&search=&order=desc 200 775 4.175 ms Sun, 21 Apr 2024 11:28:30 GMT

GET /user/getuser?page=1&limit=10&search=&order=desc 200 1495 4.231 ms Sun, 21 Apr 2024 11:28:35 GMT

GET /user/getuser?page=1&limit=10&search=&order=desc 304 - 16.495 ms Sun, 21 Apr 2024 11:29:14 GMT

GET /user/getuser?page=1&limit=10&search=&order=desc 304 - 16.798 ms Sun, 21 Apr 2024 11:29:35 GMT

GET /user/getuser?page=1&limit=10&search=&order=desc 304 - 18.895 ms Sun, 21 Apr 2024 11:29:59 GMT

GET /user/getuser?page=1&limit=10&search=&order=desc 304 - 30.220 ms Sun, 21 Apr 2024 11:30:11 GMT

GET /user/getuser?page=1&limit=10&search=&order=desc 304 - 10.019 ms Sun, 21 Apr 2024 11:30:18 GMT

GET /user/getuser?page=1&limit=5&search=&order=desc 304 - 6.856 ms Sun, 21 Apr 2024 11:30:27 GMT

GET /user/getuser?page=1&limit=5&search=&order=desc 304 - 24.526 ms Sun, 21 Apr 2024 11:31:16 GMT

GET /user/getuser?page=1&limit=5&search=&order=desc 304 - 3.976 ms Sun, 21 Apr 2024 11:31:19 GMT

GET /user/getuser?page=1&limit=5&search=&order=desc 304 - 15.502 ms Sun, 21 Apr 2024 11:31:28 GMT

GET /user/getuser?page=1&limit=5&search=&order=desc 304 - 3.716 ms Sun, 21 Apr 2024 11:31:30 GMT

GET /user/getuser?page=1&limit=5&search=&order=desc 304 - 3.951 ms Sun, 21 Apr 2024 11:31:38 GMT

GET /user/getuser?page=1&limit=5&search=&order=desc 304 - 7.722 ms Sun, 21 Apr 2024 11:31:39 GMT

GET /user/getuser?page=1&limit=5&search=&order=desc 304 - 25.137 ms Sun, 21 Apr 2024 11:31:52 GMT

GET /user/getuser?page=1&limit=5&search=&order=desc 304 - 3.556 ms Sun, 21 Apr 2024 11:32:01 GMT

GET /user/getuser?page=1&limit=5&search=&order=desc 304 - 15.848 ms Sun, 21 Apr 2024 11:32:05 GMT

GET /user/getuser?page=1&limit=5&search=&order=desc 304 - 11.313 ms Sun, 21 Apr 2024 11:32:06 GMT

GET /user/getuser?page=1&limit=10&search=&order=desc 304 - 17.752 ms Sun, 21 Apr 2024 11:32:17 GMT

GET /user/getuser?page=1&limit=10&search=&order=desc 304 - 13.259 ms Sun, 21 Apr 2024 11:32:33 GMT

GET /user/getuser?page=1&limit=5&search=&order=desc 304 - 15.258 ms Sun, 21 Apr 2024 11:32:38 GMT

GET /user/getuser?page=1&limit=15&search=&order=desc 200 1922 4.106 ms Sun, 21 Apr 2024 11:32:42 GMT

GET /user/getuser?page=1&limit=5&search=&order=desc 304 - 4.582 ms Sun, 21 Apr 2024 11:32:48 GMT

GET /user/getuser?page=1&limit=5&search=&order=asc 304 - 48.287 ms Sun, 21 Apr 2024 11:38:28 GMT

GET /user/getuser?page=1&limit=5&search=&order=asc 304 - 7.288 ms Sun, 21 Apr 2024 11:38:37 GMT

GET /user/getuser?page=1&limit=5&search=&order=asc 304 - 22.496 ms Sun, 21 Apr 2024 11:39:07 GMT

GET /user/getuser?page=1&limit=5&search=&order=asc 304 - 14.748 ms Sun, 21 Apr 2024 11:39:36 GMT

GET /user/getuser?page=1&limit=5&search=&order=asc 304 - 11.849 ms Sun, 21 Apr 2024 11:40:02 GMT

GET /user/getuser?page=1&limit=5&search=&order=asc 304 - 20.466 ms Sun, 21 Apr 2024 11:40:17 GMT

GET /user/getuser?page=1&limit=5&search=&order=asc 304 - 7.339 ms Sun, 21 Apr 2024 11:40:22 GMT

GET /user/getuser?page=1&limit=5&search=&order=asc 304 - 37.215 ms Sun, 21 Apr 2024 11:40:47 GMT

GET /user/getuser?page=1&limit=5&search=&order=asc 304 - 11.252 ms Sun, 21 Apr 2024 11:41:07 GMT

GET /user/getuser?page=1&limit=5&search=&order=asc 304 - 8.060 ms Sun, 21 Apr 2024 11:41:57 GMT

GET /user/getuser?page=1&limit=5&search=&order=asc 304 - 5.078 ms Sun, 21 Apr 2024 11:41:59 GMT

GET /user/getuser?page=1&limit=5&search=&order=asc 304 - 6.342 ms Sun, 21 Apr 2024 11:42:00 GMT

GET /user/getuser?page=1&limit=5&search=&order=asc 304 - 10.613 ms Sun, 21 Apr 2024 11:42:12 GMT

GET /user/getuser?page=1&limit=5&search=&order=asc 304 - 22.021 ms Sun, 21 Apr 2024 11:42:26 GMT

GET /user/getuser?page=1&limit=5&search=&order=asc 304 - 4.767 ms Sun, 21 Apr 2024 11:42:36 GMT

GET /user/getuser?page=1&limit=5&search=&order=asc 304 - 2.920 ms Sun, 21 Apr 2024 11:42:44 GMT

GET /user/getuser?page=1&limit=5&search=&order=asc 304 - 5.464 ms Sun, 21 Apr 2024 11:42:45 GMT

GET /user/getuser?page=1&limit=5&search=&order=asc 304 - 5.634 ms Sun, 21 Apr 2024 11:42:47 GMT

GET /user/getuser?page=1&limit=5&search=&order=asc 304 - 10.415 ms Sun, 21 Apr 2024 11:42:58 GMT

GET /user/getuser?page=1&limit=5&search=&order=asc 304 - 8.473 ms Sun, 21 Apr 2024 11:43:06 GMT

GET /user/getuser?page=1&limit=5&search=&order=asc 304 - 9.308 ms Sun, 21 Apr 2024 11:43:23 GMT

GET /user/getuser?page=1&limit=5&search=&order=asc 304 - 5.261 ms Sun, 21 Apr 2024 11:43:27 GMT

GET /user/getuser?page=1&limit=5&search=&order=asc 304 - 19.370 ms Sun, 21 Apr 2024 11:44:11 GMT

GET /user/getuser?page=1&limit=5&search=&order=asc 304 - 47.981 ms Sun, 21 Apr 2024 11:44:24 GMT

GET /user/getuser?page=1&limit=5&search=&order=asc 304 - 7.861 ms Sun, 21 Apr 2024 11:44:37 GMT

GET /user/getuser?page=1&limit=5&search=&order=asc 304 - 3.007 ms Sun, 21 Apr 2024 11:44:40 GMT

GET /user/getuser?page=1&limit=5&search=&order=asc 304 - 3.897 ms Sun, 21 Apr 2024 11:44:43 GMT

GET /user/getuser?page=1&limit=5&search=&order=asc 304 - 6.097 ms Sun, 21 Apr 2024 11:44:45 GMT

GET /user/getuser?page=1&limit=5&search=&order=asc 304 - 2.866 ms Sun, 21 Apr 2024 11:44:56 GMT

GET /user/getuser?page=1&limit=5&search=&order=asc 304 - 4.464 ms Sun, 21 Apr 2024 11:44:59 GMT

GET /user/getuser?page=1&limit=5&search=&order=asc 304 - 4.260 ms Sun, 21 Apr 2024 11:45:08 GMT

GET /user/getuser?page=1&limit=5&search=&order=asc 304 - 5.442 ms Sun, 21 Apr 2024 11:45:09 GMT

GET /user/getuser?page=1&limit=5&search=&order=asc 304 - 20.488 ms Sun, 21 Apr 2024 11:45:22 GMT

GET /user/getuser?page=1&limit=5&search=&order=asc 304 - 9.342 ms Sun, 21 Apr 2024 11:45:44 GMT

GET /user/getuser?page=1&limit=5&search=&order=asc 304 - 19.464 ms Sun, 21 Apr 2024 11:46:16 GMT

GET /user/getuser?page=1&limit=5&search=&order=asc 304 - 23.394 ms Sun, 21 Apr 2024 11:46:35 GMT

GET /user/getuser?page=1&limit=5&search=&order=asc 304 - 6.808 ms Sun, 21 Apr 2024 11:46:44 GMT

GET /user/getuser?page=1&limit=5&search=&order=asc 304 - 6.911 ms Sun, 21 Apr 2024 11:46:51 GMT

GET /user/getuser?page=1&limit=5&search=&order=asc 304 - 9.718 ms Sun, 21 Apr 2024 11:47:19 GMT

GET /user/getuser?page=1&limit=5&search=&order=asc 304 - 13.767 ms Sun, 21 Apr 2024 11:47:29 GMT

GET /user/getuser?page=1&limit=5&search=&order=asc 304 - 7.483 ms Sun, 21 Apr 2024 11:47:34 GMT

GET /user/getuser?page=1&limit=10&search=&order=asc 304 - 4.318 ms Sun, 21 Apr 2024 11:47:39 GMT

GET /user/getuser?page=1&limit=5&search=&order=asc 304 - 5.108 ms Sun, 21 Apr 2024 11:47:43 GMT

GET /user/getuser?page=1&limit=5&search=&order=asc 304 - 12.854 ms Sun, 21 Apr 2024 11:48:13 GMT

GET /user/getuser?page=1&limit=5&search=&order=asc 304 - 14.866 ms Sun, 21 Apr 2024 11:48:32 GMT

GET /user/getuser?page=1&limit=5&search=&order=asc 304 - 4.555 ms Sun, 21 Apr 2024 11:48:38 GMT

GET /user/getuser?page=1&limit=5&search=&order=asc 304 - 2.591 ms Sun, 21 Apr 2024 11:48:42 GMT

GET /user/getuser?page=1&limit=5&search=&order=asc 304 - 5.067 ms Sun, 21 Apr 2024 11:48:45 GMT

GET /user/getuser?page=1&limit=5&search=&order=asc 304 - 3.939 ms Sun, 21 Apr 2024 11:48:46 GMT

GET /user/getuser?page=1&limit=5&search=&order=asc 304 - 10.318 ms Sun, 21 Apr 2024 11:49:16 GMT

GET /user/getuser?page=1&limit=5&search=&order=asc 304 - 3.810 ms Sun, 21 Apr 2024 11:49:24 GMT

GET /user/getuser?page=1&limit=5&search=&order=asc 304 - 4.178 ms Sun, 21 Apr 2024 11:49:30 GMT

GET /user/getuser?page=1&limit=5&search=&order=asc 304 - 10.551 ms Sun, 21 Apr 2024 11:49:49 GMT

PATCH /user/update/1 200 140 78.547 ms Sun, 21 Apr 2024 11:50:57 GMT

GET /user/getuser?page=1&limit=5&search=&order=asc 200 735 8.789 ms Sun, 21 Apr 2024 11:50:57 GMT

GET /user/getuser?page=1&limit=5&search=&order=asc 304 - 6.703 ms Sun, 21 Apr 2024 11:51:00 GMT

GET /user/getuser?page=1&limit=5&search=&order=asc 304 - 10.318 ms Sun, 21 Apr 2024 11:51:58 GMT

GET /user/getuser?page=1&limit=5&search=&order=asc 304 - 13.737 ms Sun, 21 Apr 2024 11:52:14 GMT

GET /user/getuser?page=1&limit=5&search=&order=asc 304 - 4.059 ms Sun, 21 Apr 2024 11:52:16 GMT

GET /user/getuser?page=1&limit=5&search=&order=asc 304 - 4.241 ms Sun, 21 Apr 2024 11:52:20 GMT

GET /user/getuser?page=1&limit=5&search=&order=asc 304 - 14.764 ms Sun, 21 Apr 2024 11:52:28 GMT

GET /user/getuser?page=1&limit=5&search=&order=asc 304 - 12.069 ms Sun, 21 Apr 2024 11:52:45 GMT

GET /user/getuser?page=1&limit=5&search=&order=asc 304 - 4.510 ms Sun, 21 Apr 2024 11:52:55 GMT

GET /user/getuser?page=1&limit=5&search=&order=asc 304 - 3.991 ms Sun, 21 Apr 2024 11:53:01 GMT

GET /user/getuser?page=1&limit=5&search=&order=asc 304 - 20.601 ms Sun, 21 Apr 2024 11:53:17 GMT

GET /user/getuser?page=1&limit=5&search=&order=asc 304 - 4.815 ms Sun, 21 Apr 2024 11:53:20 GMT

GET /user/getuser?page=1&limit=5&search=&order=asc 304 - 8.258 ms Sun, 21 Apr 2024 11:53:36 GMT

GET /user/getuser?page=1&limit=5&search=&order=asc 304 - 4.565 ms Sun, 21 Apr 2024 11:53:38 GMT

GET /user/getuser?page=1&limit=5&search=&order=asc 304 - 5.389 ms Sun, 21 Apr 2024 11:53:41 GMT

GET /user/getuser?page=1&limit=5&search=&order=asc 304 - 6.036 ms Sun, 21 Apr 2024 11:53:50 GMT

GET /user/getuser?page=1&limit=5&search=&order=asc 304 - 4.274 ms Sun, 21 Apr 2024 11:53:51 GMT

GET /user/getuser?page=1&limit=5&search=&order=asc 304 - 4.124 ms Sun, 21 Apr 2024 11:53:59 GMT

GET /user/getuser?page=1&limit=5&search=&order=asc 304 - 12.130 ms Sun, 21 Apr 2024 11:54:43 GMT

GET /user/getuser?page=1&limit=5&search=&order=asc 304 - 13.050 ms Sun, 21 Apr 2024 11:54:54 GMT

GET /user/getuser?page=1&limit=5&search=&order=asc 304 - 19.323 ms Sun, 21 Apr 2024 11:55:22 GMT

GET /user/getuser?page=1&limit=5&search=&order=asc 304 - 3.724 ms Sun, 21 Apr 2024 11:55:31 GMT

GET /user/getuser?page=1&limit=5&search=&order=asc 304 - 9.694 ms Sun, 21 Apr 2024 11:55:37 GMT

GET /user/getuser?page=1&limit=5&search=&order=asc 304 - 11.303 ms Sun, 21 Apr 2024 11:56:08 GMT

GET /user/getuser?page=1&limit=5&search=&order=asc 304 - 2.890 ms Sun, 21 Apr 2024 11:56:12 GMT

GET /user/getuser?page=1&limit=5&search=&order=asc 304 - 3.571 ms Sun, 21 Apr 2024 11:56:14 GMT

GET /user/getuser?page=1&limit=5&search=&order=asc 304 - 3.989 ms Sun, 21 Apr 2024 11:56:16 GMT

GET /user/getuser?page=1&limit=5&search=&order=asc 304 - 2.892 ms Sun, 21 Apr 2024 11:56:18 GMT

GET /user/getuser?page=1&limit=5&search=&order=asc 304 - 3.658 ms Sun, 21 Apr 2024 11:56:20 GMT

GET /user/getuser?page=1&limit=5&search=&order=asc 304 - 8.484 ms Sun, 21 Apr 2024 11:56:22 GMT

GET /user/getuser?page=1&limit=5&search=&order=asc 304 - 11.488 ms Sun, 21 Apr 2024 11:58:46 GMT

GET /user/getuser?page=1&limit=5&search=&order=asc 304 - 27.095 ms Sun, 21 Apr 2024 11:59:26 GMT

GET /user/getuser?page=1&limit=5&search=&order=asc 304 - 13.326 ms Sun, 21 Apr 2024 12:00:01 GMT

GET /user/getuser?page=1&limit=5&search=&order=asc 304 - 15.845 ms Sun, 21 Apr 2024 12:00:04 GMT

GET /user/getuser?page=1&limit=5&search=&order=asc 304 - 16.331 ms Sun, 21 Apr 2024 12:01:03 GMT

GET /user/getuser?page=1&limit=5&search=&order=asc 304 - 6.741 ms Sun, 21 Apr 2024 12:01:07 GMT

GET /user/getuser?page=1&limit=5&search=&order=asc 304 - 6.571 ms Sun, 21 Apr 2024 12:01:11 GMT

GET /user/getuser?page=1&limit=5&search=&order=asc 304 - 15.995 ms Sun, 21 Apr 2024 12:02:50 GMT

GET /user/getuser?page=1&limit=5&search=&order=asc 304 - 6.391 ms Sun, 21 Apr 2024 12:02:54 GMT

GET /user/getuser?page=1&limit=5&search=&order=asc 304 - 4.456 ms Sun, 21 Apr 2024 12:02:57 GMT

GET /user/getuser?page=1&limit=5&search=&order=asc 304 - 17.507 ms Sun, 21 Apr 2024 12:03:08 GMT

GET /user/getuser?page=1&limit=5&search=&order=asc 304 - 18.757 ms Sun, 21 Apr 2024 12:04:02 GMT

GET /user/getuser?page=1&limit=5&search=&order=asc 304 - 15.012 ms Sun, 21 Apr 2024 12:05:16 GMT

GET /user/getuser?page=1&limit=5&search=&order=asc 304 - 4.899 ms Sun, 21 Apr 2024 12:05:18 GMT

GET /user/getuser?page=1&limit=5&search=&order=asc 304 - 20.752 ms Sun, 21 Apr 2024 12:05:33 GMT

GET /user/getuser?page=1&limit=5&search=&order=asc 304 - 8.236 ms Sun, 21 Apr 2024 12:05:36 GMT

GET /user/getuser?page=1&limit=5&search=&order=asc 304 - 20.070 ms Sun, 21 Apr 2024 12:06:06 GMT

GET /user/getuser?page=1&limit=5&search=&order=asc 304 - 13.638 ms Sun, 21 Apr 2024 12:07:18 GMT

GET /user/getuser?page=1&limit=5&search=&order=asc 304 - 17.095 ms Sun, 21 Apr 2024 12:07:35 GMT

GET /user/getuser?page=1&limit=5&search=&order=asc 304 - 9.012 ms Sun, 21 Apr 2024 12:07:46 GMT

GET /user/getuser?page=1&limit=5&search=&order=asc 304 - 4.109 ms Sun, 21 Apr 2024 12:07:48 GMT

GET /user/getuser?page=1&limit=5&search=&order=asc 304 - 8.233 ms Sun, 21 Apr 2024 12:07:58 GMT

GET /user/getuser?page=1&limit=5&search=&order=asc 304 - 7.442 ms Sun, 21 Apr 2024 12:08:08 GMT

GET /user/getuser?page=1&limit=5&search=&order=asc 304 - 6.923 ms Sun, 21 Apr 2024 12:08:11 GMT

GET /user/getuser?page=1&limit=5&search=&order=asc 304 - 16.877 ms Sun, 21 Apr 2024 12:08:24 GMT

GET /user/getuser?page=1&limit=5&search=&order=asc 304 - 2.881 ms Sun, 21 Apr 2024 12:08:26 GMT

GET /user/getuser?page=1&limit=5&search=&order=asc 304 - 14.056 ms Sun, 21 Apr 2024 12:08:48 GMT

GET /user/getuser?page=1&limit=5&search=&order=asc 304 - 4.272 ms Sun, 21 Apr 2024 12:08:53 GMT

GET /user/getuser?page=1&limit=5&search=&order=asc 304 - 4.369 ms Sun, 21 Apr 2024 12:09:03 GMT

GET /user/getuser?page=1&limit=5&search=&order=asc 304 - 11.081 ms Sun, 21 Apr 2024 12:09:17 GMT

GET /user/getuser?page=1&limit=5&search=&order=asc 304 - 2.795 ms Sun, 21 Apr 2024 12:09:21 GMT

GET /user/getuser?page=1&limit=5&search=&order=asc 304 - 18.946 ms Sun, 21 Apr 2024 12:09:41 GMT

GET /user/getuser?page=1&limit=5&search=&order=asc 304 - 14.295 ms Sun, 21 Apr 2024 12:09:42 GMT

GET /user/getuser?page=1&limit=5&search=&order=asc 304 - 3.596 ms Sun, 21 Apr 2024 12:09:46 GMT

GET /user/getuser?page=1&limit=5&search=&order=asc 304 - 3.478 ms Sun, 21 Apr 2024 12:09:51 GMT

GET /user/getuser?page=1&limit=5&search=&order=asc 304 - 13.103 ms Sun, 21 Apr 2024 12:10:14 GMT

GET /user/getuser?page=1&limit=10&search=&order=asc 200 1470 9.813 ms Sun, 21 Apr 2024 12:10:25 GMT

GET /user/getuser?page=1&limit=5&search=&order=asc 304 - 4.656 ms Sun, 21 Apr 2024 12:10:28 GMT

GET /user/getuser?page=2&limit=5&search=&order=asc 304 - 3.353 ms Sun, 21 Apr 2024 12:10:31 GMT

GET /user/getuser?page=3&limit=5&search=&order=asc 200 476 3.633 ms Sun, 21 Apr 2024 12:10:32 GMT

GET /user/getuser?page=3&limit=5&search=&order=desc 200 451 6.265 ms Sun, 21 Apr 2024 12:10:36 GMT

GET /user/getuser?page=3&limit=5&search=&order=desc 304 - 8.672 ms Sun, 21 Apr 2024 12:10:59 GMT

GET /user/getuser?page=3&limit=5&search=&order=desc 304 - 4.501 ms Sun, 21 Apr 2024 12:11:05 GMT

GET /user/getuser?page=3&limit=5&search=&order=desc 304 - 14.107 ms Sun, 21 Apr 2024 12:11:17 GMT

GET /user/getuser?page=3&limit=10&search=&order=desc 200 29 129.980 ms Sun, 21 Apr 2024 13:04:06 GMT

GET /user/getuser?page=3&limit=10&search=&order=asc 200 29 4.721 ms Sun, 21 Apr 2024 13:04:09 GMT

GET /user/getuser?page=3&limit=5&search=&order=asc 304 - 5.826 ms Sun, 21 Apr 2024 13:04:13 GMT

GET /user/getuser?page=2&limit=5&search=&order=asc 304 - 4.941 ms Sun, 21 Apr 2024 13:04:21 GMT

GET /user/getuser?page=1&limit=5&search=&order=asc 304 - 12.586 ms Sun, 21 Apr 2024 13:04:23 GMT

GET /user/getuser?page=2&limit=5&search=&order=asc 304 - 41.613 ms Sun, 21 Apr 2024 13:12:03 GMT

GET /user/getuser?page=3&limit=5&search=&order=asc 304 - 7.369 ms Sun, 21 Apr 2024 13:12:04 GMT

GET /user/getuser?page=2&limit=5&search=&order=asc 304 - 43.657 ms Sun, 21 Apr 2024 13:12:05 GMT

GET /user/getuser?page=1&limit=5&search=&order=asc 304 - 7.398 ms Sun, 21 Apr 2024 13:12:07 GMT

GET /user/getuser?page=1&limit=10&search=&order=asc 304 - 7.158 ms Sun, 21 Apr 2024 13:12:11 GMT

GET /user/getuser?page=1&limit=15&search=&order=asc 200 1918 12.077 ms Sun, 21 Apr 2024 13:12:14 GMT

GET /user/getuser?page=1&limit=5&search=&order=asc 304 - 16.128 ms Sun, 21 Apr 2024 13:12:19 GMT

GET /user/getuser?page=1&limit=5&search=&order=desc 304 - 5.684 ms Sun, 21 Apr 2024 13:12:26 GMT

GET /user/getuser?page=1&limit=5&search=&order=asc 304 - 5.606 ms Sun, 21 Apr 2024 13:12:30 GMT

GET /user/getuser?page=1&limit=5&search=J&order=asc 200 744 46.048 ms Sun, 21 Apr 2024 13:12:46 GMT

GET /user/getuser?page=1&limit=5&search=Jaipur&order=asc 200 174 17.615 ms Sun, 21 Apr 2024 13:13:12 GMT

GET /user/getuser?page=1&limit=5&search=Jaipur&order=asc 304 - 26.236 ms Sun, 21 Apr 2024 13:14:17 GMT

GET /user/getuser?page=1&limit=5&search=Jaipur&order=asc 304 - 12.334 ms Sun, 21 Apr 2024 13:14:26 GMT

GET /user/getuser?page=1&limit=5&search=Jaipur&order=asc 304 - 10.163 ms Sun, 21 Apr 2024 13:14:33 GMT

GET /user/getuser?page=1&limit=5&search=Jaipur&order=asc 304 - 3.637 ms Sun, 21 Apr 2024 13:14:39 GMT

GET /user/getuser?page=1&limit=5&search=Jaipur&order=asc 304 - 3.074 ms Sun, 21 Apr 2024 13:14:41 GMT

GET /user/getuser?page=1&limit=5&search=Jaipur&order=asc 304 - 4.458 ms Sun, 21 Apr 2024 13:14:44 GMT

GET /user/getuser?page=1&limit=5&search=&order=asc 304 - 14.072 ms Sun, 21 Apr 2024 13:14:55 GMT

GET /user/getuser?page=1&limit=10&search=&order=asc 304 - 5.082 ms Sun, 21 Apr 2024 13:15:01 GMT

GET /user/getuser?page=1&limit=15&search=&order=asc 304 - 4.193 ms Sun, 21 Apr 2024 13:15:04 GMT

GET /user/getuser?page=1&limit=15&search=&order=asc 304 - 22.381 ms Sun, 21 Apr 2024 13:15:44 GMT

GET /user/getuser?page=1&limit=15&search=&order=asc 304 - 3.508 ms Sun, 21 Apr 2024 13:15:46 GMT

GET /user/getuser?page=1&limit=5&search=&order=asc 304 - 4.066 ms Sun, 21 Apr 2024 13:15:51 GMT

GET /user/getuser?page=1&limit=5&search=&order=asc 304 - 3.852 ms Sun, 21 Apr 2024 13:15:54 GMT

GET /user/getuser?page=1&limit=5&search=&order=asc 304 - 6.161 ms Sun, 21 Apr 2024 13:15:55 GMT

GET /user/getuser?page=1&limit=5&search=&order=asc 304 - 11.858 ms Sun, 21 Apr 2024 13:16:13 GMT

GET /user/getuser?page=1&limit=5&search=&order=asc 304 - 4.880 ms Sun, 21 Apr 2024 13:16:14 GMT

GET /user/getuser?page=1&limit=5&search=&order=asc 304 - 30.054 ms Sun, 21 Apr 2024 13:35:20 GMT

GET /user/getuser?page=1&limit=5&search=&order=asc 304 - 19.167 ms Sun, 21 Apr 2024 13:36:11 GMT

GET /user/getuser?page=1&limit=5&search=&order=asc 304 - 6.751 ms Sun, 21 Apr 2024 13:36:14 GMT

GET /user/getuser?page=1&limit=15&search=&order=asc 304 - 36.888 ms Sun, 21 Apr 2024 13:41:42 GMT

GET /user/getuser?page=1&limit=15&search=&order=desc 200 1918 4.412 ms Sun, 21 Apr 2024 13:41:44 GMT

GET /user/getuser?page=1&limit=15&search=john&order=desc 200 169 8.259 ms Sun, 21 Apr 2024 13:42:06 GMT

GET /user/getuser?page=1&limit=15&search=&order=desc 304 - 14.508 ms Sun, 21 Apr 2024 13:42:10 GMT

GET /user/getuser?page=1&limit=5&search=&order=desc 304 - 2.669 ms Sun, 21 Apr 2024 13:42:16 GMT

GET /user/getuser?page=1&limit=5&search=&order=asc 304 - 5.906 ms Sun, 21 Apr 2024 13:42:19 GMT

GET /user/getuser?page=1&limit=10&search=&order=asc 304 - 4.319 ms Sun, 21 Apr 2024 13:42:21 GMT

POST /user/register 401 49 3.263 ms Sun, 21 Apr 2024 15:15:45 GMT

POST /user/register 401 49 0.714 ms Sun, 21 Apr 2024 15:16:02 GMT

POST /user/register 401 49 4.992 ms Sun, 21 Apr 2024 15:16:59 GMT

POST /user/register 201 42 126.305 ms Sun, 21 Apr 2024 15:17:24 GMT

GET /user/getuser?page=1&limit=5&search=&order=asc 304 - 21.899 ms Sun, 21 Apr 2024 15:17:31 GMT

GET /user/getuser?page=2&limit=5&search=&order=asc 304 - 6.287 ms Sun, 21 Apr 2024 15:17:36 GMT

GET /user/getuser?page=3&limit=5&search=&order=asc 200 677 4.297 ms Sun, 21 Apr 2024 15:17:37 GMT

POST /user/login 500 59 13.525 ms Sun, 21 Apr 2024 15:48:13 GMT

POST /user/login 500 59 11.364 ms Sun, 21 Apr 2024 15:49:22 GMT

POST /user/login 200 197 87.789 ms Sun, 21 Apr 2024 15:50:32 GMT

POST /user/login 200 420 100.254 ms Sun, 21 Apr 2024 15:59:43 GMT

POST /user/login 200 420 98.103 ms Sun, 21 Apr 2024 16:34:36 GMT

GET /user/getuser - - - ms Sun, 21 Apr 2024 16:38:26 GMT

GET /user/ 404 144 2.033 ms Sun, 21 Apr 2024 16:38:32 GMT

GET /user/ 404 144 1.026 ms Sun, 21 Apr 2024 16:38:38 GMT

GET /user/ 404 144 0.218 ms Sun, 21 Apr 2024 16:38:39 GMT

GET /user/ 404 144 0.276 ms Sun, 21 Apr 2024 16:38:40 GMT

GET /user/ 404 144 0.301 ms Sun, 21 Apr 2024 16:38:40 GMT

GET /user/getuser 500 2202 1.191 ms Sun, 21 Apr 2024 16:38:51 GMT

GET /user/getuser - - - ms Sun, 21 Apr 2024 16:38:58 GMT

GET /user/getuser 200 735 66.963 ms Sun, 21 Apr 2024 16:40:11 GMT

GET /user/getuser 200 735 22.293 ms Sun, 21 Apr 2024 16:41:35 GMT

POST /user/create 200 14 42.737 ms Sun, 21 Apr 2024 16:42:04 GMT

GET /user/getuser?page=1&limit=5&search=&order=asc 500 2279 4.611 ms Sun, 21 Apr 2024 16:42:16 GMT

GET /user/getuser?page=1&limit=5&search=&order=asc 500 2279 1.407 ms Sun, 21 Apr 2024 16:42:20 GMT

POST /user/getuser?limit=4 404 152 0.797 ms Sun, 21 Apr 2024 16:43:12 GMT

GET /user/getuser?limit=4 200 590 27.471 ms Sun, 21 Apr 2024 16:43:37 GMT

GET /user/getuser?limit=15 200 2266 14.324 ms Sun, 21 Apr 2024 16:43:47 GMT

GET /user/getuser?limit=18 200 2266 24.340 ms Sun, 21 Apr 2024 16:43:58 GMT

GET /user/getuser?limit=10 500 2169 44.296 ms Sun, 21 Apr 2024 17:36:30 GMT

GET /user/getuser?limit=10 500 2169 1.396 ms Sun, 21 Apr 2024 17:36:55 GMT

POST /user/login 401 39 214.197 ms Sun, 21 Apr 2024 17:37:36 GMT

POST /user/login 200 420 131.600 ms Sun, 21 Apr 2024 17:38:05 GMT

GET /user/getuser?limit=10 200 1470 76.432 ms Sun, 21 Apr 2024 17:39:01 GMT

GET /user/getuser?limit=10 500 2202 2.193 ms Sun, 21 Apr 2024 17:39:13 GMT

GET /user/getuser?limit=10 200 1470 18.709 ms Sun, 21 Apr 2024 17:39:24 GMT

GET /user/getuser?page=1&limit=5&search=&order=asc 500 2279 2.930 ms Sun, 21 Apr 2024 17:40:15 GMT

GET /user/getuser?page=1&limit=5&search=&order=asc 500 2279 1.038 ms Sun, 21 Apr 2024 17:42:29 GMT

GET /user/getuser?page=1&limit=5&search=&order=asc 500 2279 2.499 ms Sun, 21 Apr 2024 17:42:34 GMT

GET /user/getuser?page=1&limit=5&search=&order=asc 500 2279 1.210 ms Sun, 21 Apr 2024 17:42:47 GMT

GET /user/getuser?page=1&limit=5&search=&order=asc 500 2279 0.681 ms Sun, 21 Apr 2024 17:42:49 GMT

GET /user/getuser?page=1&limit=5&search=&order=asc 401 21 2.681 ms Sun, 21 Apr 2024 17:43:03 GMT

GET /user/getuser?page=1&limit=5&search=&order=asc 401 21 0.297 ms Sun, 21 Apr 2024 17:43:07 GMT

GET /user/getuser?page=1&limit=5&search=&order=asc 401 21 0.393 ms Sun, 21 Apr 2024 17:43:08 GMT

GET /user/getuser?page=1&limit=5&search=&order=asc 500 2202 0.815 ms Sun, 21 Apr 2024 17:44:17 GMT

GET /user/getuser?page=1&limit=5&search=&order=asc 500 2202 0.492 ms Sun, 21 Apr 2024 17:44:19 GMT

GET /user/getuser?page=1&limit=5&search=&order=asc 500 2202 0.606 ms Sun, 21 Apr 2024 17:44:21 GMT

GET /user/getuser?page=1&limit=5&search=&order=asc 500 2202 0.486 ms Sun, 21 Apr 2024 17:45:48 GMT

GET /user/getuser?page=1&limit=5&search=&order=asc 500 2202 0.812 ms Sun, 21 Apr 2024 17:45:56 GMT

GET /user/getuser?page=1&limit=5&search=&order=asc 500 2202 0.648 ms Sun, 21 Apr 2024 17:45:58 GMT

GET /user/getuser?page=1&limit=5&search=&order=asc 500 2202 0.955 ms Sun, 21 Apr 2024 17:46:00 GMT

GET /user/getuser?page=1&limit=5&search=&order=asc 500 2202 1.004 ms Sun, 21 Apr 2024 17:46:37 GMT

GET /user/getuser?page=1&limit=5&search=&order=asc 500 2202 1.633 ms Sun, 21 Apr 2024 17:46:44 GMT

GET /user/getuser?page=1&limit=5&search=&order=asc 500 2202 0.429 ms Sun, 21 Apr 2024 17:46:52 GMT

GET /user/getuser?page=1&limit=5&search=&order=asc 500 2202 0.482 ms Sun, 21 Apr 2024 17:46:54 GMT

GET /user/getuser?page=1&limit=5&search=&order=asc 500 2202 1.006 ms Sun, 21 Apr 2024 17:47:07 GMT

GET /user/getuser?page=1&limit=5&search=&order=asc 500 2202 1.357 ms Sun, 21 Apr 2024 17:47:13 GMT

GET /user/getuser?page=1&limit=5&search=&order=asc 500 2202 0.610 ms Sun, 21 Apr 2024 17:47:16 GMT

GET /user/getuser?page=1&limit=5&search=&order=asc 500 2202 0.769 ms Sun, 21 Apr 2024 17:47:20 GMT

GET /user/getuser?page=1&limit=5&search=&order=asc 500 2202 0.931 ms Sun, 21 Apr 2024 17:47:26 GMT

GET /user/getuser?page=1&limit=5&search=&order=asc 500 2202 1.253 ms Sun, 21 Apr 2024 17:47:30 GMT

GET /user/getuser?page=1&limit=5&search=&order=asc 500 2202 1.016 ms Sun, 21 Apr 2024 17:47:32 GMT

GET /user/getuser?page=1&limit=5&search=&order=asc 500 2202 1.098 ms Sun, 21 Apr 2024 17:51:00 GMT

GET /user/getuser?page=1&limit=5&search=&order=asc 500 2202 0.938 ms Sun, 21 Apr 2024 17:51:01 GMT

GET /user/getuser?page=1&limit=5&search=&order=asc 500 2202 0.589 ms Sun, 21 Apr 2024 17:51:09 GMT

GET /user/getuser?page=1&limit=5&search=&order=asc 500 2202 0.848 ms Sun, 21 Apr 2024 17:51:15 GMT

GET /user/getuser?page=1&limit=5&search=&order=asc 500 2202 0.518 ms Sun, 21 Apr 2024 17:51:18 GMT

GET /user/getuser?page=1&limit=5&search=&order=asc 500 2202 1.096 ms Sun, 21 Apr 2024 17:51:58 GMT

GET /user/getuser?page=1&limit=5&search=&order=asc 500 2202 0.641 ms Sun, 21 Apr 2024 17:52:01 GMT

GET /user/getuser?page=1&limit=5&search=&order=asc 500 2202 1.422 ms Sun, 21 Apr 2024 17:52:03 GMT

GET /user/getuser?page=1&limit=5&search=&order=asc 500 2202 0.840 ms Sun, 21 Apr 2024 17:52:06 GMT

GET /user/getuser?page=1&limit=5&search=&order=asc 500 2202 0.484 ms Sun, 21 Apr 2024 17:52:08 GMT

GET /user/getuser?page=1&limit=5&search=&order=asc 500 2202 0.821 ms Sun, 21 Apr 2024 17:52:19 GMT

GET /user/getuser?page=1&limit=5&search=&order=asc 500 2202 1.012 ms Sun, 21 Apr 2024 17:52:24 GMT

GET /user/getuser?page=1&limit=5&search=&order=asc 500 2202 0.923 ms Sun, 21 Apr 2024 17:52:27 GMT

GET /user/getuser?page=1&limit=5&search=&order=asc 500 2202 0.962 ms Sun, 21 Apr 2024 17:52:31 GMT

POST /user/login 500 59 146.620 ms Sun, 21 Apr 2024 17:54:02 GMT

POST /user/login 200 420 167.021 ms Sun, 21 Apr 2024 17:54:58 GMT

POST /user/login 500 59 10.998 ms Sun, 21 Apr 2024 17:56:29 GMT

POST /user/login 500 59 44.388 ms Sun, 21 Apr 2024 17:59:07 GMT

POST /user/login 200 420 142.580 ms Sun, 21 Apr 2024 18:00:13 GMT

POST /user/login 200 420 192.393 ms Sun, 21 Apr 2024 18:04:11 GMT

POST /user/login 200 420 172.571 ms Sun, 21 Apr 2024 18:05:03 GMT

POST /user/login 200 435 164.597 ms Sun, 21 Apr 2024 18:21:36 GMT

POST /user/login 200 435 151.514 ms Sun, 21 Apr 2024 18:22:48 GMT

POST /user/login 401 39 149.753 ms Sun, 21 Apr 2024 18:33:06 GMT

POST /user/login 200 435 127.119 ms Sun, 21 Apr 2024 18:33:23 GMT

GET /user/getuser?page=1&limit=5&search=&order=asc 200 735 87.718 ms Sun, 21 Apr 2024 18:33:25 GMT

GET /user/getuser?page=2&limit=5&search=&order=asc 304 - 12.682 ms Sun, 21 Apr 2024 18:33:30 GMT

GET /user/getuser?page=3&limit=5&search=&order=asc 200 824 6.243 ms Sun, 21 Apr 2024 18:33:31 GMT

GET /user/getuser?page=1&limit=5&search=&order=asc 304 - 29.036 ms Sun, 21 Apr 2024 18:33:42 GMT

POST /user/register 201 42 172.871 ms Sun, 21 Apr 2024 18:35:30 GMT

POST /user/login 200 434 116.240 ms Sun, 21 Apr 2024 18:35:53 GMT

GET /user/getuser?page=1&limit=5&search=&order=asc 200 735 32.280 ms Sun, 21 Apr 2024 18:36:41 GMT

POST /user/login 200 434 109.287 ms Sun, 21 Apr 2024 18:40:38 GMT

POST /user/login 200 434 112.729 ms Sun, 21 Apr 2024 18:43:42 GMT

POST /user/login 200 434 156.587 ms Sun, 21 Apr 2024 18:50:42 GMT

GET /logout 404 145 15.394 ms Sun, 21 Apr 2024 18:50:58 GMT

GET /logout 404 145 0.418 ms Sun, 21 Apr 2024 18:51:00 GMT

GET /logout 404 145 0.338 ms Sun, 21 Apr 2024 18:51:00 GMT

GET /logout 404 145 0.268 ms Sun, 21 Apr 2024 18:51:01 GMT

GET /logout 404 145 0.375 ms Sun, 21 Apr 2024 18:51:03 GMT

GET /logout 404 145 0.300 ms Sun, 21 Apr 2024 18:51:04 GMT

POST /user/login 200 434 91.291 ms Sun, 21 Apr 2024 18:51:51 GMT

GET /logout 404 145 0.423 ms Sun, 21 Apr 2024 18:51:53 GMT

GET /logout 404 145 0.236 ms Sun, 21 Apr 2024 18:51:53 GMT

GET /logout 404 145 0.429 ms Sun, 21 Apr 2024 18:51:54 GMT

POST /user/login 200 434 192.801 ms Sun, 21 Apr 2024 18:52:48 GMT

GET /user/logout 201 24 122.210 ms Sun, 21 Apr 2024 18:52:51 GMT

GET /user/logout 201 24 8.048 ms Sun, 21 Apr 2024 18:52:59 GMT

GET /user/logout 201 24 18.385 ms Sun, 21 Apr 2024 18:53:09 GMT

POST /user/login 200 434 101.833 ms Sun, 21 Apr 2024 18:53:52 GMT

GET /user/logout 201 24 14.463 ms Sun, 21 Apr 2024 18:53:55 GMT

POST /user/login 200 434 119.076 ms Sun, 21 Apr 2024 18:56:33 GMT

GET /user/logout 201 24 17.868 ms Sun, 21 Apr 2024 18:56:36 GMT

POST /user/login 200 435 89.981 ms Sun, 21 Apr 2024 18:56:51 GMT

GET /user/getuser?page=1&limit=5&search=&order=asc 304 - 26.100 ms Sun, 21 Apr 2024 18:56:54 GMT

GET /user/getuser?page=1&limit=10&search=&order=asc 304 - 7.319 ms Sun, 21 Apr 2024 18:57:02 GMT

GET /user/getuser?page=1&limit=10&search=jo&order=asc 200 169 20.861 ms Sun, 21 Apr 2024 18:57:10 GMT

GET /user/getuser?page=1&limit=10&search=&order=asc 304 - 4.913 ms Sun, 21 Apr 2024 18:57:13 GMT

GET /user/getuser?page=1&limit=10&search=kh&order=asc 200 230 6.077 ms Sun, 21 Apr 2024 18:57:16 GMT

GET /user/getuser?page=1&limit=10&search=&order=asc 304 - 5.737 ms Sun, 21 Apr 2024 18:57:19 GMT

GET /user/getuser?page=1&limit=10&search=&order=desc 200 1616 9.350 ms Sun, 21 Apr 2024 18:57:22 GMT

GET /user/logout 201 24 10.538 ms Sun, 21 Apr 2024 18:57:38 GMT

POST /user/login 200 434 114.827 ms Sun, 21 Apr 2024 18:58:49 GMT

POST /user/login 200 434 160.568 ms Sun, 21 Apr 2024 19:11:04 GMT

GET /user/logout 201 24 40.260 ms Sun, 21 Apr 2024 19:11:15 GMT

POST /user/login 200 434 131.138 ms Sun, 21 Apr 2024 19:14:07 GMT

GET /user/logout 201 24 77.427 ms Sun, 21 Apr 2024 19:15:25 GMT

POST /user/login 200 434 120.865 ms Sun, 21 Apr 2024 19:16:48 GMT

GET /user/logout 201 24 15.569 ms Sun, 21 Apr 2024 19:16:54 GMT

POST /user/login 200 434 110.331 ms Mon, 22 Apr 2024 18:09:33 GMT

GET /user/logout 201 24 23.611 ms Mon, 22 Apr 2024 18:09:58 GMT

POST /user/login 200 435 91.662 ms Mon, 22 Apr 2024 18:10:12 GMT

GET /user/getuser?page=1&limit=5&search=&order=asc 200 735 16.630 ms Mon, 22 Apr 2024 18:10:14 GMT

GET /user/getuser?page=1&limit=10&search=&order=asc 304 - 12.171 ms Mon, 22 Apr 2024 18:10:20 GMT

GET /user/getuser?page=1&limit=15&search=&order=asc 200 2266 9.649 ms Mon, 22 Apr 2024 18:10:24 GMT

GET /user/getuser?page=2&limit=15&search=&order=asc 200 230 20.283 ms Mon, 22 Apr 2024 18:10:29 GMT

GET /user/getuser?page=1&limit=15&search=&order=asc 304 - 19.614 ms Mon, 22 Apr 2024 18:10:31 GMT

GET /user/getuser?page=2&limit=15&search=&order=asc 304 - 5.789 ms Mon, 22 Apr 2024 18:10:39 GMT

GET /user/getuser?page=1&limit=15&search=&order=asc 304 - 9.370 ms Mon, 22 Apr 2024 18:10:41 GMT

GET /user/getuser?page=1&limit=15&search=Anuj&order=asc 200 169 10.874 ms Mon, 22 Apr 2024 18:10:47 GMT

GET /user/getuser?page=1&limit=15&search=&order=asc 304 - 6.751 ms Mon, 22 Apr 2024 18:10:54 GMT

GET /user/getuser?page=1&limit=15&search=&order=desc 200 2327 5.651 ms Mon, 22 Apr 2024 18:11:02 GMT

GET /user/getuser?page=1&limit=15&search=&order=asc 304 - 5.873 ms Mon, 22 Apr 2024 18:11:05 GMT

DELETE /user/delete/16 200 25 15.828 ms Mon, 22 Apr 2024 18:11:09 GMT

GET /user/getuser?page=1&limit=15&search=&order=asc 200 2321 7.643 ms Mon, 22 Apr 2024 18:11:09 GMT

GET /user/getuser?page=1&limit=5&search=&order=asc 200 735 34.911 ms Mon, 22 Apr 2024 18:11:27 GMT

POST /user/login 401 39 98.863 ms Tue, 23 Apr 2024 09:11:46 GMT

POST /user/login 401 39 93.178 ms Tue, 23 Apr 2024 09:12:16 GMT

POST /user/login 200 434 103.809 ms Tue, 23 Apr 2024 09:12:29 GMT

GET /user/logout 201 24 65.650 ms Tue, 23 Apr 2024 09:12:43 GMT

POST /user/login 200 435 79.408 ms Tue, 23 Apr 2024 09:12:53 GMT

GET /user/getuser?page=1&limit=5&search=&order=asc 304 - 16.041 ms Tue, 23 Apr 2024 09:12:56 GMT

GET /user/getuser?page=2&limit=5&search=&order=asc 304 - 10.450 ms Tue, 23 Apr 2024 09:12:59 GMT

GET /user/getuser?page=3&limit=5&search=&order=asc 200 879 6.503 ms Tue, 23 Apr 2024 09:13:00 GMT

GET /user/getuser?page=2&limit=5&search=&order=asc 304 - 5.145 ms Tue, 23 Apr 2024 09:13:03 GMT

GET /user/getuser?page=1&limit=5&search=&order=asc 304 - 5.880 ms Tue, 23 Apr 2024 09:13:03 GMT

GET /user/getuser?page=1&limit=5&search=Anuj&order=asc 200 169 10.673 ms Tue, 23 Apr 2024 09:13:08 GMT

GET /user/getuser?page=1&limit=5&search=&order=asc 304 - 15.835 ms Tue, 23 Apr 2024 09:13:12 GMT

GET /user/getuser?page=1&limit=5&search=Anuj&order=asc 304 - 8.493 ms Tue, 23 Apr 2024 09:13:20 GMT

GET /user/getuser?page=1&limit=5&search=&order=asc 304 - 4.422 ms Tue, 23 Apr 2024 09:13:23 GMT

GET /user/getuser?page=1&limit=5&search=A&order=asc 200 735 13.823 ms Tue, 23 Apr 2024 09:13:45 GMT

GET /user/getuser?page=1&limit=5&search=&order=asc 304 - 5.943 ms Tue, 23 Apr 2024 09:13:50 GMT

GET /user/getuser?page=1&limit=10&search=&order=asc 304 - 12.526 ms Tue, 23 Apr 2024 09:14:07 GMT

GET /user/getuser?page=1&limit=15&search=&order=asc 304 - 8.661 ms Tue, 23 Apr 2024 09:14:13 GMT

GET /user/getuser?page=1&limit=15&search=&order=desc 200 2321 5.816 ms Tue, 23 Apr 2024 09:14:20 GMT

GET /user/getuser?page=1&limit=5&search=&order=desc 200 879 4.536 ms Tue, 23 Apr 2024 09:14:27 GMT

GET /user/getuser?page=1&limit=5&search=&order=asc 304 - 6.030 ms Tue, 23 Apr 2024 09:14:29 GMT

